{ http: 
   { domain: null,
     _events: {},
     _maxListeners: 10,
     startTime: 1405045796196,
     version: '1.1',
     method: 'GET',
     headers: 
      { host: '10.16.15.155:8360',
        'accept-encoding': 'gzip',
        'accept-language': 'zh-CN',
        'user-agent': 'Mozilla/5.0 (Linux; U; Android 4.2.2; zh-CN; GT-I9500 Build/JDQ39) AppleWebKit/533.1 (KHTML, like Gecko) Version/4.0 UCBrowser/9.8.9.457 U3/0.8.0 Mobile Safari/533.1',
        accept: 'text/html,application/xhtml+xml,application/xml;q=0.9,text/vnd.wap.wml;q=0.6,*/*;q=0.5,UC/145,plugin/1,alipay/en',
        connection: 'keep-alive',
        'x-ucbrowser-ua': 'dv(GT-I9500);pr(UCBrowser/9.8.9.457);ov(Android 4.2.2);ss(1080*1845);bt(UC);pm(1);bv(1);nm(0);im(0);sr(0);nt(2);' },
     getHeader: [Function],
     contentType: '',
     post: {},
     file: {},
     ip: [Function],
     cookie: {},
     pathname: '',
     query: {},
     get: {},
     host: '10.16.15.155:8360',
     hostname: '10.16.15.155',
     req: 
      { _readableState: [Object],
        readable: true,
        domain: null,
        _events: {},
        _maxListeners: 10,
        socket: [Object],
        connection: [Object],
        httpVersion: '1.1',
        complete: true,
        headers: [Object],
        trailers: {},
        _pendings: [],
        _pendingIndex: 0,
        url: '/',
        method: 'GET',
        statusCode: null,
        client: [Object],
        _consuming: false,
        _dumped: false,
        httpVersionMajor: 1,
        httpVersionMinor: 1,
        upgrade: false },
     _cookie: {},
     setHeader: [Function],
     setCookie: [Function],
     sendCookie: [Function],
     redirect: [Function],
     sendTime: [Function],
     echo: [Function],
     end: [Function],
     res: 
      { domain: null,
        _events: [Object],
        _maxListeners: 10,
        output: [],
        outputEncodings: [],
        writable: true,
        _last: false,
        chunkedEncoding: false,
        shouldKeepAlive: true,
        useChunkedEncodingByDefault: true,
        sendDate: true,
        _headerSent: false,
        _header: '',
        _hasBody: true,
        _trailer: '',
        finished: false,
        _hangupClose: false,
        socket: [Object],
        connection: [Object],
        _headers: [Object],
        _headerNames: [Object] },
     tag_data: undefined,
     group: 'Home',
     controller: 'Index',
     action: 'index' },
  view: 
   { http: 
      { domain: null,
        _events: {},
        _maxListeners: 10,
        startTime: 1405045796196,
        version: '1.1',
        method: 'GET',
        headers: [Object],
        getHeader: [Function],
        contentType: '',
        post: {},
        file: {},
        ip: [Function],
        cookie: {},
        pathname: '',
        query: {},
        get: {},
        host: '10.16.15.155:8360',
        hostname: '10.16.15.155',
        req: [Object],
        _cookie: {},
        setHeader: [Function],
        setCookie: [Function],
        sendCookie: [Function],
        redirect: [Function],
        sendTime: [Function],
        echo: [Function],
        end: [Function],
        res: [Object],
        tag_data: undefined,
        group: 'Home',
        controller: 'Index',
        action: 'index' },
     tVar: { http: [Object], config: [Object], title: '便利导航' },
     __initReturn: undefined },
  set: [Function],
  ok: [Function],
  __initReturn: undefined }
TypeError: Cannot call method 'then' of undefined
    at Object.App.execAction (/home/liuguanyu/node_modules/thinkjs/lib/Lib/Core/App.js:83:21)
    at /home/liuguanyu/node_modules/thinkjs/lib/Lib/Core/App.js:148:17
    at invokeCallback (/home/liuguanyu/node_modules/thinkjs/node_modules/es6-promise/dist/commonjs/promise/promise.js:54:15)
    at publish (/home/liuguanyu/node_modules/thinkjs/node_modules/es6-promise/dist/commonjs/promise/promise.js:99:5)
    at publishFulfillment (/home/liuguanyu/node_modules/thinkjs/node_modules/es6-promise/dist/commonjs/promise/promise.js:206:3)
    at flush (/home/liuguanyu/node_modules/thinkjs/node_modules/es6-promise/dist/commonjs/promise/asap.js:35:5)
    at process._tickDomainCallback (node.js:459:13)
{ http: 
   { domain: null,
     _events: {},
     _maxListeners: 10,
     startTime: 1405045895694,
     version: '1.1',
     method: 'GET',
     headers: 
      { host: '10.16.15.155:8360',
        'accept-encoding': 'gzip',
        'accept-language': 'zh-CN',
        'user-agent': 'Mozilla/5.0 (Linux; U; Android 4.2.2; zh-CN; GT-I9500 Build/JDQ39) AppleWebKit/533.1 (KHTML, like Gecko) Version/4.0 UCBrowser/9.8.9.457 U3/0.8.0 Mobile Safari/533.1',
        accept: 'text/html,application/xhtml+xml,application/xml;q=0.9,text/vnd.wap.wml;q=0.6,*/*;q=0.5,UC/145,plugin/1,alipay/en',
        connection: 'keep-alive',
        'x-ucbrowser-ua': 'dv(GT-I9500);pr(UCBrowser/9.8.9.457);ov(Android 4.2.2);ss(1080*1845);bt(UC);pm(1);bv(1);nm(0);im(0);sr(0);nt(2);' },
     getHeader: [Function],
     contentType: '',
     post: {},
     file: {},
     ip: [Function],
     cookie: {},
     pathname: '',
     query: {},
     get: {},
     host: '10.16.15.155:8360',
     hostname: '10.16.15.155',
     req: 
      { _readableState: [Object],
        readable: true,
        domain: null,
        _events: {},
        _maxListeners: 10,
        socket: [Object],
        connection: [Object],
        httpVersion: '1.1',
        complete: true,
        headers: [Object],
        trailers: {},
        _pendings: [],
        _pendingIndex: 0,
        url: '/',
        method: 'GET',
        statusCode: null,
        client: [Object],
        _consuming: false,
        _dumped: false,
        httpVersionMajor: 1,
        httpVersionMinor: 1,
        upgrade: false },
     _cookie: {},
     setHeader: [Function],
     setCookie: [Function],
     sendCookie: [Function],
     redirect: [Function],
     sendTime: [Function],
     echo: [Function],
     end: [Function],
     res: 
      { domain: null,
        _events: [Object],
        _maxListeners: 10,
        output: [],
        outputEncodings: [],
        writable: true,
        _last: false,
        chunkedEncoding: false,
        shouldKeepAlive: true,
        useChunkedEncodingByDefault: true,
        sendDate: true,
        _headerSent: false,
        _header: '',
        _hasBody: true,
        _trailer: '',
        finished: false,
        _hangupClose: false,
        socket: [Object],
        connection: [Object],
        _headers: [Object],
        _headerNames: [Object] },
     tag_data: undefined,
     group: 'Home',
     controller: 'Index',
     action: 'index' },
  view: 
   { http: 
      { domain: null,
        _events: {},
        _maxListeners: 10,
        startTime: 1405045895694,
        version: '1.1',
        method: 'GET',
        headers: [Object],
        getHeader: [Function],
        contentType: '',
        post: {},
        file: {},
        ip: [Function],
        cookie: {},
        pathname: '',
        query: {},
        get: {},
        host: '10.16.15.155:8360',
        hostname: '10.16.15.155',
        req: [Object],
        _cookie: {},
        setHeader: [Function],
        setCookie: [Function],
        sendCookie: [Function],
        redirect: [Function],
        sendTime: [Function],
        echo: [Function],
        end: [Function],
        res: [Object],
        tag_data: undefined,
        group: 'Home',
        controller: 'Index',
        action: 'index' },
     tVar: { http: [Object], config: [Object], title: '便利导航' },
     __initReturn: undefined },
  set: [Function],
  ok: [Function],
  __initReturn: undefined }
TypeError: Cannot call method 'then' of undefined
    at Object.App.execAction (/home/liuguanyu/node_modules/thinkjs/lib/Lib/Core/App.js:83:21)
    at /home/liuguanyu/node_modules/thinkjs/lib/Lib/Core/App.js:148:17
    at invokeCallback (/home/liuguanyu/node_modules/thinkjs/node_modules/es6-promise/dist/commonjs/promise/promise.js:54:15)
    at publish (/home/liuguanyu/node_modules/thinkjs/node_modules/es6-promise/dist/commonjs/promise/promise.js:99:5)
    at publishFulfillment (/home/liuguanyu/node_modules/thinkjs/node_modules/es6-promise/dist/commonjs/promise/promise.js:206:3)
    at flush (/home/liuguanyu/node_modules/thinkjs/node_modules/es6-promise/dist/commonjs/promise/asap.js:35:5)
    at process._tickDomainCallback (node.js:459:13)
{ http: 
   { domain: null,
     _events: {},
     _maxListeners: 10,
     startTime: 1405046207258,
     version: '1.1',
     method: 'GET',
     headers: 
      { host: '10.16.15.155:8360',
        'accept-encoding': 'gzip',
        'accept-language': 'zh-CN',
        'user-agent': 'Mozilla/5.0 (Linux; U; Android 4.2.2; zh-CN; GT-I9500 Build/JDQ39) AppleWebKit/533.1 (KHTML, like Gecko) Version/4.0 UCBrowser/9.8.9.457 U3/0.8.0 Mobile Safari/533.1',
        accept: 'text/html,application/xhtml+xml,application/xml;q=0.9,text/vnd.wap.wml;q=0.6,*/*;q=0.5,UC/145,plugin/1,alipay/en',
        connection: 'keep-alive',
        'x-ucbrowser-ua': 'dv(GT-I9500);pr(UCBrowser/9.8.9.457);ov(Android 4.2.2);ss(1080*1845);bt(UC);pm(1);bv(1);nm(0);im(0);sr(0);nt(2);' },
     getHeader: [Function],
     contentType: '',
     post: {},
     file: {},
     ip: [Function],
     cookie: {},
     pathname: '',
     query: {},
     get: {},
     host: '10.16.15.155:8360',
     hostname: '10.16.15.155',
     req: 
      { _readableState: [Object],
        readable: true,
        domain: null,
        _events: {},
        _maxListeners: 10,
        socket: [Object],
        connection: [Object],
        httpVersion: '1.1',
        complete: true,
        headers: [Object],
        trailers: {},
        _pendings: [],
        _pendingIndex: 0,
        url: '/',
        method: 'GET',
        statusCode: null,
        client: [Object],
        _consuming: false,
        _dumped: false,
        httpVersionMajor: 1,
        httpVersionMinor: 1,
        upgrade: false },
     _cookie: {},
     setHeader: [Function],
     setCookie: [Function],
     sendCookie: [Function],
     redirect: [Function],
     sendTime: [Function],
     echo: [Function],
     end: [Function],
     res: 
      { domain: null,
        _events: [Object],
        _maxListeners: 10,
        output: [],
        outputEncodings: [],
        writable: true,
        _last: false,
        chunkedEncoding: false,
        shouldKeepAlive: true,
        useChunkedEncodingByDefault: true,
        sendDate: true,
        _headerSent: false,
        _header: '',
        _hasBody: true,
        _trailer: '',
        finished: false,
        _hangupClose: false,
        socket: [Object],
        connection: [Object],
        _headers: [Object],
        _headerNames: [Object] },
     tag_data: undefined,
     group: 'Home',
     controller: 'Index',
     action: 'index' },
  view: 
   { http: 
      { domain: null,
        _events: {},
        _maxListeners: 10,
        startTime: 1405046207258,
        version: '1.1',
        method: 'GET',
        headers: [Object],
        getHeader: [Function],
        contentType: '',
        post: {},
        file: {},
        ip: [Function],
        cookie: {},
        pathname: '',
        query: {},
        get: {},
        host: '10.16.15.155:8360',
        hostname: '10.16.15.155',
        req: [Object],
        _cookie: {},
        setHeader: [Function],
        setCookie: [Function],
        sendCookie: [Function],
        redirect: [Function],
        sendTime: [Function],
        echo: [Function],
        end: [Function],
        res: [Object],
        tag_data: undefined,
        group: 'Home',
        controller: 'Index',
        action: 'index' },
     tVar: { http: [Object], config: [Object], title: '便利导航' },
     __initReturn: undefined },
  set: [Function],
  ok: [Function],
  __initReturn: undefined }
TypeError: Cannot call method 'then' of undefined
    at Object.App.execAction (/home/liuguanyu/node_modules/thinkjs/lib/Lib/Core/App.js:83:21)
    at /home/liuguanyu/node_modules/thinkjs/lib/Lib/Core/App.js:148:17
    at invokeCallback (/home/liuguanyu/node_modules/thinkjs/node_modules/es6-promise/dist/commonjs/promise/promise.js:54:15)
    at publish (/home/liuguanyu/node_modules/thinkjs/node_modules/es6-promise/dist/commonjs/promise/promise.js:99:5)
    at publishFulfillment (/home/liuguanyu/node_modules/thinkjs/node_modules/es6-promise/dist/commonjs/promise/promise.js:206:3)
    at flush (/home/liuguanyu/node_modules/thinkjs/node_modules/es6-promise/dist/commonjs/promise/asap.js:35:5)
    at process._tickDomainCallback (node.js:459:13)
{ http: 
   { domain: null,
     _events: {},
     _maxListeners: 10,
     startTime: 1405054689178,
     version: '1.1',
     method: 'GET',
     headers: 
      { host: '10.16.15.155:8360',
        connection: 'keep-alive',
        accept: 'text/html,application/xhtml+xml,application/xml;q=0.9,image/webp,*/*;q=0.8',
        'user-agent': 'Mozilla/5.0 (Windows NT 6.1; WOW64) AppleWebKit/537.36 (KHTML, like Gecko) Chrome/35.0.1916.153 Safari/537.36',
        'accept-encoding': 'gzip,deflate,sdch',
        'accept-language': 'zh-CN,zh;q=0.8,en;q=0.6' },
     getHeader: [Function],
     contentType: '',
     post: {},
     file: {},
     ip: [Function],
     cookie: {},
     pathname: '',
     query: {},
     get: {},
     host: '10.16.15.155:8360',
     hostname: '10.16.15.155',
     req: 
      { _readableState: [Object],
        readable: true,
        domain: null,
        _events: {},
        _maxListeners: 10,
        socket: [Object],
        connection: [Object],
        httpVersion: '1.1',
        complete: true,
        headers: [Object],
        trailers: {},
        _pendings: [],
        _pendingIndex: 0,
        url: '/',
        method: 'GET',
        statusCode: null,
        client: [Object],
        _consuming: false,
        _dumped: false,
        httpVersionMajor: 1,
        httpVersionMinor: 1,
        upgrade: false },
     _cookie: {},
     setHeader: [Function],
     setCookie: [Function],
     sendCookie: [Function],
     redirect: [Function],
     sendTime: [Function],
     echo: [Function],
     end: [Function],
     res: 
      { domain: null,
        _events: [Object],
        _maxListeners: 10,
        output: [],
        outputEncodings: [],
        writable: true,
        _last: false,
        chunkedEncoding: false,
        shouldKeepAlive: true,
        useChunkedEncodingByDefault: true,
        sendDate: true,
        _headerSent: false,
        _header: '',
        _hasBody: true,
        _trailer: '',
        finished: false,
        _hangupClose: false,
        socket: [Object],
        connection: [Object],
        _headers: [Object],
        _headerNames: [Object] },
     tag_data: undefined,
     group: 'Home',
     controller: 'Index',
     action: 'index' },
  view: 
   { http: 
      { domain: null,
        _events: {},
        _maxListeners: 10,
        startTime: 1405054689178,
        version: '1.1',
        method: 'GET',
        headers: [Object],
        getHeader: [Function],
        contentType: '',
        post: {},
        file: {},
        ip: [Function],
        cookie: {},
        pathname: '',
        query: {},
        get: {},
        host: '10.16.15.155:8360',
        hostname: '10.16.15.155',
        req: [Object],
        _cookie: {},
        setHeader: [Function],
        setCookie: [Function],
        sendCookie: [Function],
        redirect: [Function],
        sendTime: [Function],
        echo: [Function],
        end: [Function],
        res: [Object],
        tag_data: undefined,
        group: 'Home',
        controller: 'Index',
        action: 'index' },
     tVar: { http: [Object], config: [Object], title: '便利导航' },
     __initReturn: undefined },
  set: [Function],
  ok: [Function],
  __initReturn: undefined }
TypeError: Cannot call method 'then' of undefined
    at Object.App.execAction (/home/liuguanyu/node_modules/thinkjs/lib/Lib/Core/App.js:83:21)
    at /home/liuguanyu/node_modules/thinkjs/lib/Lib/Core/App.js:148:17
    at invokeCallback (/home/liuguanyu/node_modules/thinkjs/node_modules/es6-promise/dist/commonjs/promise/promise.js:54:15)
    at publish (/home/liuguanyu/node_modules/thinkjs/node_modules/es6-promise/dist/commonjs/promise/promise.js:99:5)
    at publishFulfillment (/home/liuguanyu/node_modules/thinkjs/node_modules/es6-promise/dist/commonjs/promise/promise.js:206:3)
    at flush (/home/liuguanyu/node_modules/thinkjs/node_modules/es6-promise/dist/commonjs/promise/asap.js:35:5)
    at process._tickDomainCallback (node.js:459:13)
{ http: 
   { domain: null,
     _events: {},
     _maxListeners: 10,
     startTime: 1405054699577,
     version: '1.1',
     method: 'GET',
     headers: 
      { host: '10.16.15.155:8360',
        connection: 'keep-alive',
        'cache-control': 'no-cache',
        pragma: 'no-cache',
        accept: 'text/html,application/xhtml+xml,application/xml;q=0.9,image/webp,*/*;q=0.8',
        'user-agent': 'Mozilla/5.0 (Windows NT 6.1; WOW64) AppleWebKit/537.36 (KHTML, like Gecko) Chrome/35.0.1916.153 Safari/537.36',
        'accept-encoding': 'gzip,deflate,sdch',
        'accept-language': 'zh-CN,zh;q=0.8,en;q=0.6' },
     getHeader: [Function],
     contentType: '',
     post: {},
     file: {},
     ip: [Function],
     cookie: {},
     pathname: '',
     query: {},
     get: {},
     host: '10.16.15.155:8360',
     hostname: '10.16.15.155',
     req: 
      { _readableState: [Object],
        readable: true,
        domain: null,
        _events: {},
        _maxListeners: 10,
        socket: [Object],
        connection: [Object],
        httpVersion: '1.1',
        complete: true,
        headers: [Object],
        trailers: {},
        _pendings: [],
        _pendingIndex: 0,
        url: '/',
        method: 'GET',
        statusCode: null,
        client: [Object],
        _consuming: false,
        _dumped: false,
        httpVersionMajor: 1,
        httpVersionMinor: 1,
        upgrade: false },
     _cookie: {},
     setHeader: [Function],
     setCookie: [Function],
     sendCookie: [Function],
     redirect: [Function],
     sendTime: [Function],
     echo: [Function],
     end: [Function],
     res: 
      { domain: null,
        _events: [Object],
        _maxListeners: 10,
        output: [],
        outputEncodings: [],
        writable: true,
        _last: false,
        chunkedEncoding: false,
        shouldKeepAlive: true,
        useChunkedEncodingByDefault: true,
        sendDate: true,
        _headerSent: false,
        _header: '',
        _hasBody: true,
        _trailer: '',
        finished: false,
        _hangupClose: false,
        socket: [Object],
        connection: [Object],
        _headers: [Object],
        _headerNames: [Object] },
     tag_data: undefined,
     group: 'Home',
     controller: 'Index',
     action: 'index' },
  view: 
   { http: 
      { domain: null,
        _events: {},
        _maxListeners: 10,
        startTime: 1405054699577,
        version: '1.1',
        method: 'GET',
        headers: [Object],
        getHeader: [Function],
        contentType: '',
        post: {},
        file: {},
        ip: [Function],
        cookie: {},
        pathname: '',
        query: {},
        get: {},
        host: '10.16.15.155:8360',
        hostname: '10.16.15.155',
        req: [Object],
        _cookie: {},
        setHeader: [Function],
        setCookie: [Function],
        sendCookie: [Function],
        redirect: [Function],
        sendTime: [Function],
        echo: [Function],
        end: [Function],
        res: [Object],
        tag_data: undefined,
        group: 'Home',
        controller: 'Index',
        action: 'index' },
     tVar: { http: [Object], config: [Object], title: '便利导航' },
     __initReturn: undefined },
  set: [Function],
  ok: [Function],
  __initReturn: undefined }
TypeError: Cannot call method 'then' of undefined
    at Object.App.execAction (/home/liuguanyu/node_modules/thinkjs/lib/Lib/Core/App.js:83:21)
    at /home/liuguanyu/node_modules/thinkjs/lib/Lib/Core/App.js:148:17
    at invokeCallback (/home/liuguanyu/node_modules/thinkjs/node_modules/es6-promise/dist/commonjs/promise/promise.js:54:15)
    at publish (/home/liuguanyu/node_modules/thinkjs/node_modules/es6-promise/dist/commonjs/promise/promise.js:99:5)
    at publishFulfillment (/home/liuguanyu/node_modules/thinkjs/node_modules/es6-promise/dist/commonjs/promise/promise.js:206:3)
    at flush (/home/liuguanyu/node_modules/thinkjs/node_modules/es6-promise/dist/commonjs/promise/asap.js:35:5)
    at process._tickDomainCallback (node.js:459:13)
{ http: 
   { domain: null,
     _events: {},
     _maxListeners: 10,
     startTime: 1405054719804,
     version: '1.1',
     method: 'GET',
     headers: 
      { host: '10.16.15.155:8360',
        connection: 'keep-alive',
        'cache-control': 'no-cache',
        pragma: 'no-cache',
        accept: 'text/html,application/xhtml+xml,application/xml;q=0.9,image/webp,*/*;q=0.8',
        'user-agent': 'Mozilla/5.0 (Windows NT 6.1; WOW64) AppleWebKit/537.36 (KHTML, like Gecko) Chrome/35.0.1916.153 Safari/537.36',
        'accept-encoding': 'gzip,deflate,sdch',
        'accept-language': 'zh-CN,zh;q=0.8,en;q=0.6' },
     getHeader: [Function],
     contentType: '',
     post: {},
     file: {},
     ip: [Function],
     cookie: {},
     pathname: '',
     query: {},
     get: {},
     host: '10.16.15.155:8360',
     hostname: '10.16.15.155',
     req: 
      { _readableState: [Object],
        readable: true,
        domain: null,
        _events: {},
        _maxListeners: 10,
        socket: [Object],
        connection: [Object],
        httpVersion: '1.1',
        complete: true,
        headers: [Object],
        trailers: {},
        _pendings: [],
        _pendingIndex: 0,
        url: '/',
        method: 'GET',
        statusCode: null,
        client: [Object],
        _consuming: false,
        _dumped: false,
        httpVersionMajor: 1,
        httpVersionMinor: 1,
        upgrade: false },
     _cookie: {},
     setHeader: [Function],
     setCookie: [Function],
     sendCookie: [Function],
     redirect: [Function],
     sendTime: [Function],
     echo: [Function],
     end: [Function],
     res: 
      { domain: null,
        _events: [Object],
        _maxListeners: 10,
        output: [],
        outputEncodings: [],
        writable: true,
        _last: false,
        chunkedEncoding: false,
        shouldKeepAlive: true,
        useChunkedEncodingByDefault: true,
        sendDate: true,
        _headerSent: false,
        _header: '',
        _hasBody: true,
        _trailer: '',
        finished: false,
        _hangupClose: false,
        socket: [Object],
        connection: [Object],
        _headers: [Object],
        _headerNames: [Object] },
     tag_data: undefined,
     group: 'Home',
     controller: 'Index',
     action: 'index' },
  view: 
   { http: 
      { domain: null,
        _events: {},
        _maxListeners: 10,
        startTime: 1405054719804,
        version: '1.1',
        method: 'GET',
        headers: [Object],
        getHeader: [Function],
        contentType: '',
        post: {},
        file: {},
        ip: [Function],
        cookie: {},
        pathname: '',
        query: {},
        get: {},
        host: '10.16.15.155:8360',
        hostname: '10.16.15.155',
        req: [Object],
        _cookie: {},
        setHeader: [Function],
        setCookie: [Function],
        sendCookie: [Function],
        redirect: [Function],
        sendTime: [Function],
        echo: [Function],
        end: [Function],
        res: [Object],
        tag_data: undefined,
        group: 'Home',
        controller: 'Index',
        action: 'index' },
     tVar: { http: [Object], config: [Object], title: '便利导航' },
     __initReturn: undefined },
  set: [Function],
  ok: [Function],
  __initReturn: undefined }
TypeError: Cannot call method 'then' of undefined
    at Object.App.execAction (/home/liuguanyu/node_modules/thinkjs/lib/Lib/Core/App.js:83:21)
    at /home/liuguanyu/node_modules/thinkjs/lib/Lib/Core/App.js:148:17
    at invokeCallback (/home/liuguanyu/node_modules/thinkjs/node_modules/es6-promise/dist/commonjs/promise/promise.js:54:15)
    at publish (/home/liuguanyu/node_modules/thinkjs/node_modules/es6-promise/dist/commonjs/promise/promise.js:99:5)
    at publishFulfillment (/home/liuguanyu/node_modules/thinkjs/node_modules/es6-promise/dist/commonjs/promise/promise.js:206:3)
    at flush (/home/liuguanyu/node_modules/thinkjs/node_modules/es6-promise/dist/commonjs/promise/asap.js:35:5)
    at process._tickDomainCallback (node.js:459:13)
{ http: 
   { domain: null,
     _events: {},
     _maxListeners: 10,
     startTime: 1405054734182,
     version: '1.1',
     method: 'GET',
     headers: 
      { host: '10.16.15.155:8360',
        connection: 'keep-alive',
        accept: 'text/html,application/xhtml+xml,application/xml;q=0.9,image/webp,*/*;q=0.8',
        'user-agent': 'Mozilla/5.0 (Windows NT 6.1; WOW64) AppleWebKit/537.36 (KHTML, like Gecko) Chrome/35.0.1916.153 Safari/537.36',
        'accept-encoding': 'gzip,deflate,sdch',
        'accept-language': 'zh-CN,zh;q=0.8,en;q=0.6' },
     getHeader: [Function],
     contentType: '',
     post: {},
     file: {},
     ip: [Function],
     cookie: {},
     pathname: '',
     query: {},
     get: {},
     host: '10.16.15.155:8360',
     hostname: '10.16.15.155',
     req: 
      { _readableState: [Object],
        readable: true,
        domain: null,
        _events: {},
        _maxListeners: 10,
        socket: [Object],
        connection: [Object],
        httpVersion: '1.1',
        complete: true,
        headers: [Object],
        trailers: {},
        _pendings: [],
        _pendingIndex: 0,
        url: '/',
        method: 'GET',
        statusCode: null,
        client: [Object],
        _consuming: false,
        _dumped: false,
        httpVersionMajor: 1,
        httpVersionMinor: 1,
        upgrade: false },
     _cookie: {},
     setHeader: [Function],
     setCookie: [Function],
     sendCookie: [Function],
     redirect: [Function],
     sendTime: [Function],
     echo: [Function],
     end: [Function],
     res: 
      { domain: null,
        _events: [Object],
        _maxListeners: 10,
        output: [],
        outputEncodings: [],
        writable: true,
        _last: false,
        chunkedEncoding: false,
        shouldKeepAlive: true,
        useChunkedEncodingByDefault: true,
        sendDate: true,
        _headerSent: false,
        _header: '',
        _hasBody: true,
        _trailer: '',
        finished: false,
        _hangupClose: false,
        socket: [Object],
        connection: [Object],
        _headers: [Object],
        _headerNames: [Object] },
     tag_data: undefined,
     group: 'Home',
     controller: 'Index',
     action: 'index' },
  view: 
   { http: 
      { domain: null,
        _events: {},
        _maxListeners: 10,
        startTime: 1405054734182,
        version: '1.1',
        method: 'GET',
        headers: [Object],
        getHeader: [Function],
        contentType: '',
        post: {},
        file: {},
        ip: [Function],
        cookie: {},
        pathname: '',
        query: {},
        get: {},
        host: '10.16.15.155:8360',
        hostname: '10.16.15.155',
        req: [Object],
        _cookie: {},
        setHeader: [Function],
        setCookie: [Function],
        sendCookie: [Function],
        redirect: [Function],
        sendTime: [Function],
        echo: [Function],
        end: [Function],
        res: [Object],
        tag_data: undefined,
        group: 'Home',
        controller: 'Index',
        action: 'index' },
     tVar: { http: [Object], config: [Object], title: '便利导航' },
     __initReturn: undefined },
  set: [Function],
  ok: [Function],
  __initReturn: undefined }
TypeError: Cannot call method 'then' of undefined
    at Object.App.execAction (/home/liuguanyu/node_modules/thinkjs/lib/Lib/Core/App.js:83:21)
    at /home/liuguanyu/node_modules/thinkjs/lib/Lib/Core/App.js:148:17
    at invokeCallback (/home/liuguanyu/node_modules/thinkjs/node_modules/es6-promise/dist/commonjs/promise/promise.js:54:15)
    at publish (/home/liuguanyu/node_modules/thinkjs/node_modules/es6-promise/dist/commonjs/promise/promise.js:99:5)
    at publishFulfillment (/home/liuguanyu/node_modules/thinkjs/node_modules/es6-promise/dist/commonjs/promise/promise.js:206:3)
    at flush (/home/liuguanyu/node_modules/thinkjs/node_modules/es6-promise/dist/commonjs/promise/asap.js:35:5)
    at process._tickDomainCallback (node.js:459:13)
{ http: 
   { domain: null,
     _events: {},
     _maxListeners: 10,
     startTime: 1405054740015,
     version: '1.1',
     method: 'GET',
     headers: 
      { host: '10.16.15.155:8360',
        connection: 'keep-alive',
        'cache-control': 'no-cache',
        pragma: 'no-cache',
        accept: 'text/html,application/xhtml+xml,application/xml;q=0.9,image/webp,*/*;q=0.8',
        'user-agent': 'Mozilla/5.0 (Windows NT 6.1; WOW64) AppleWebKit/537.36 (KHTML, like Gecko) Chrome/35.0.1916.153 Safari/537.36',
        'accept-encoding': 'gzip,deflate,sdch',
        'accept-language': 'zh-CN,zh;q=0.8,en;q=0.6' },
     getHeader: [Function],
     contentType: '',
     post: {},
     file: {},
     ip: [Function],
     cookie: {},
     pathname: '',
     query: {},
     get: {},
     host: '10.16.15.155:8360',
     hostname: '10.16.15.155',
     req: 
      { _readableState: [Object],
        readable: true,
        domain: null,
        _events: {},
        _maxListeners: 10,
        socket: [Object],
        connection: [Object],
        httpVersion: '1.1',
        complete: true,
        headers: [Object],
        trailers: {},
        _pendings: [],
        _pendingIndex: 0,
        url: '/',
        method: 'GET',
        statusCode: null,
        client: [Object],
        _consuming: false,
        _dumped: false,
        httpVersionMajor: 1,
        httpVersionMinor: 1,
        upgrade: false },
     _cookie: {},
     setHeader: [Function],
     setCookie: [Function],
     sendCookie: [Function],
     redirect: [Function],
     sendTime: [Function],
     echo: [Function],
     end: [Function],
     res: 
      { domain: null,
        _events: [Object],
        _maxListeners: 10,
        output: [],
        outputEncodings: [],
        writable: true,
        _last: false,
        chunkedEncoding: false,
        shouldKeepAlive: true,
        useChunkedEncodingByDefault: true,
        sendDate: true,
        _headerSent: false,
        _header: '',
        _hasBody: true,
        _trailer: '',
        finished: false,
        _hangupClose: false,
        socket: [Object],
        connection: [Object],
        _headers: [Object],
        _headerNames: [Object] },
     tag_data: undefined,
     group: 'Home',
     controller: 'Index',
     action: 'index' },
  view: 
   { http: 
      { domain: null,
        _events: {},
        _maxListeners: 10,
        startTime: 1405054740015,
        version: '1.1',
        method: 'GET',
        headers: [Object],
        getHeader: [Function],
        contentType: '',
        post: {},
        file: {},
        ip: [Function],
        cookie: {},
        pathname: '',
        query: {},
        get: {},
        host: '10.16.15.155:8360',
        hostname: '10.16.15.155',
        req: [Object],
        _cookie: {},
        setHeader: [Function],
        setCookie: [Function],
        sendCookie: [Function],
        redirect: [Function],
        sendTime: [Function],
        echo: [Function],
        end: [Function],
        res: [Object],
        tag_data: undefined,
        group: 'Home',
        controller: 'Index',
        action: 'index' },
     tVar: { http: [Object], config: [Object], title: '便利导航' },
     __initReturn: undefined },
  set: [Function],
  ok: [Function],
  __initReturn: undefined }
TypeError: Cannot call method 'then' of undefined
    at Object.App.execAction (/home/liuguanyu/node_modules/thinkjs/lib/Lib/Core/App.js:83:21)
    at /home/liuguanyu/node_modules/thinkjs/lib/Lib/Core/App.js:148:17
    at invokeCallback (/home/liuguanyu/node_modules/thinkjs/node_modules/es6-promise/dist/commonjs/promise/promise.js:54:15)
    at publish (/home/liuguanyu/node_modules/thinkjs/node_modules/es6-promise/dist/commonjs/promise/promise.js:99:5)
    at publishFulfillment (/home/liuguanyu/node_modules/thinkjs/node_modules/es6-promise/dist/commonjs/promise/promise.js:206:3)
    at flush (/home/liuguanyu/node_modules/thinkjs/node_modules/es6-promise/dist/commonjs/promise/asap.js:35:5)
    at process._tickDomainCallback (node.js:459:13)
{ http: 
   { domain: null,
     _events: {},
     _maxListeners: 10,
     startTime: 1405054880907,
     version: '1.1',
     method: 'GET',
     headers: 
      { host: '10.16.15.155:8360',
        connection: 'keep-alive',
        'cache-control': 'no-cache',
        pragma: 'no-cache',
        accept: 'text/html,application/xhtml+xml,application/xml;q=0.9,image/webp,*/*;q=0.8',
        'user-agent': 'Mozilla/5.0 (Windows NT 6.1; WOW64) AppleWebKit/537.36 (KHTML, like Gecko) Chrome/35.0.1916.153 Safari/537.36',
        'accept-encoding': 'gzip,deflate,sdch',
        'accept-language': 'zh-CN,zh;q=0.8,en;q=0.6' },
     getHeader: [Function],
     contentType: '',
     post: {},
     file: {},
     ip: [Function],
     cookie: {},
     pathname: '',
     query: {},
     get: {},
     host: '10.16.15.155:8360',
     hostname: '10.16.15.155',
     req: 
      { _readableState: [Object],
        readable: true,
        domain: null,
        _events: {},
        _maxListeners: 10,
        socket: [Object],
        connection: [Object],
        httpVersion: '1.1',
        complete: true,
        headers: [Object],
        trailers: {},
        _pendings: [],
        _pendingIndex: 0,
        url: '/',
        method: 'GET',
        statusCode: null,
        client: [Object],
        _consuming: false,
        _dumped: false,
        httpVersionMajor: 1,
        httpVersionMinor: 1,
        upgrade: false },
     _cookie: {},
     setHeader: [Function],
     setCookie: [Function],
     sendCookie: [Function],
     redirect: [Function],
     sendTime: [Function],
     echo: [Function],
     end: [Function],
     res: 
      { domain: null,
        _events: [Object],
        _maxListeners: 10,
        output: [],
        outputEncodings: [],
        writable: true,
        _last: false,
        chunkedEncoding: false,
        shouldKeepAlive: true,
        useChunkedEncodingByDefault: true,
        sendDate: true,
        _headerSent: false,
        _header: '',
        _hasBody: true,
        _trailer: '',
        finished: false,
        _hangupClose: false,
        socket: [Object],
        connection: [Object],
        _headers: [Object],
        _headerNames: [Object] },
     tag_data: undefined,
     group: 'Home',
     controller: 'Index',
     action: 'index' },
  view: 
   { http: 
      { domain: null,
        _events: {},
        _maxListeners: 10,
        startTime: 1405054880907,
        version: '1.1',
        method: 'GET',
        headers: [Object],
        getHeader: [Function],
        contentType: '',
        post: {},
        file: {},
        ip: [Function],
        cookie: {},
        pathname: '',
        query: {},
        get: {},
        host: '10.16.15.155:8360',
        hostname: '10.16.15.155',
        req: [Object],
        _cookie: {},
        setHeader: [Function],
        setCookie: [Function],
        sendCookie: [Function],
        redirect: [Function],
        sendTime: [Function],
        echo: [Function],
        end: [Function],
        res: [Object],
        tag_data: undefined,
        group: 'Home',
        controller: 'Index',
        action: 'index' },
     tVar: { http: [Object], config: [Object], title: '便利导航' },
     __initReturn: undefined },
  set: [Function],
  ok: [Function],
  __initReturn: undefined }
TypeError: Cannot call method 'then' of undefined
    at Object.App.execAction (/home/liuguanyu/node_modules/thinkjs/lib/Lib/Core/App.js:83:21)
    at /home/liuguanyu/node_modules/thinkjs/lib/Lib/Core/App.js:148:17
    at invokeCallback (/home/liuguanyu/node_modules/thinkjs/node_modules/es6-promise/dist/commonjs/promise/promise.js:54:15)
    at publish (/home/liuguanyu/node_modules/thinkjs/node_modules/es6-promise/dist/commonjs/promise/promise.js:99:5)
    at publishFulfillment (/home/liuguanyu/node_modules/thinkjs/node_modules/es6-promise/dist/commonjs/promise/promise.js:206:3)
    at flush (/home/liuguanyu/node_modules/thinkjs/node_modules/es6-promise/dist/commonjs/promise/asap.js:35:5)
    at process._tickDomainCallback (node.js:459:13)
{ http: 
   { domain: null,
     _events: {},
     _maxListeners: 10,
     startTime: 1405054891706,
     version: '1.1',
     method: 'GET',
     headers: 
      { host: '10.16.15.155:8360',
        connection: 'keep-alive',
        accept: 'text/html,application/xhtml+xml,application/xml;q=0.9,image/webp,*/*;q=0.8',
        'user-agent': 'Mozilla/5.0 (Windows NT 6.1; WOW64) AppleWebKit/537.36 (KHTML, like Gecko) Chrome/30.0.1599.101 Safari/537.36',
        'accept-encoding': 'gzip,deflate,sdch',
        'accept-language': 'zh-CN,zh;q=0.8',
        cookie: '__utma=158509626.616121403.1404701738.1404906731.1404982126.11; __utmc=158509626; __utmz=158509626.1404701738.1.1.utmcsr=(direct)|utmccn=(direct)|utmcmd=(none); Hm_lvt_3d143f0a07b6487f65609d8411e5464f=1404724680,1404817021,1404873608,1404982126; Hm_lpvt_3d143f0a07b6487f65609d8411e5464f=1404986904' },
     getHeader: [Function],
     contentType: '',
     post: {},
     file: {},
     ip: [Function],
     cookie: 
      { __utma: '158509626.616121403.1404701738.1404906731.1404982126.11',
        __utmc: '158509626',
        __utmz: '158509626.1404701738.1.1.utmcsr=(direct)|utmccn=(direct)|utmcmd=(none)',
        Hm_lvt_3d143f0a07b6487f65609d8411e5464f: '1404724680,1404817021,1404873608,1404982126',
        Hm_lpvt_3d143f0a07b6487f65609d8411e5464f: '1404986904' },
     pathname: '',
     query: {},
     get: {},
     host: '10.16.15.155:8360',
     hostname: '10.16.15.155',
     req: 
      { _readableState: [Object],
        readable: true,
        domain: null,
        _events: {},
        _maxListeners: 10,
        socket: [Object],
        connection: [Object],
        httpVersion: '1.1',
        complete: true,
        headers: [Object],
        trailers: {},
        _pendings: [],
        _pendingIndex: 0,
        url: '/',
        method: 'GET',
        statusCode: null,
        client: [Object],
        _consuming: false,
        _dumped: false,
        httpVersionMajor: 1,
        httpVersionMinor: 1,
        upgrade: false },
     _cookie: {},
     setHeader: [Function],
     setCookie: [Function],
     sendCookie: [Function],
     redirect: [Function],
     sendTime: [Function],
     echo: [Function],
     end: [Function],
     res: 
      { domain: null,
        _events: [Object],
        _maxListeners: 10,
        output: [],
        outputEncodings: [],
        writable: true,
        _last: false,
        chunkedEncoding: false,
        shouldKeepAlive: true,
        useChunkedEncodingByDefault: true,
        sendDate: true,
        _headerSent: false,
        _header: '',
        _hasBody: true,
        _trailer: '',
        finished: false,
        _hangupClose: false,
        socket: [Object],
        connection: [Object],
        _headers: [Object],
        _headerNames: [Object] },
     tag_data: undefined,
     group: 'Home',
     controller: 'Index',
     action: 'index' },
  view: 
   { http: 
      { domain: null,
        _events: {},
        _maxListeners: 10,
        startTime: 1405054891706,
        version: '1.1',
        method: 'GET',
        headers: [Object],
        getHeader: [Function],
        contentType: '',
        post: {},
        file: {},
        ip: [Function],
        cookie: [Object],
        pathname: '',
        query: {},
        get: {},
        host: '10.16.15.155:8360',
        hostname: '10.16.15.155',
        req: [Object],
        _cookie: {},
        setHeader: [Function],
        setCookie: [Function],
        sendCookie: [Function],
        redirect: [Function],
        sendTime: [Function],
        echo: [Function],
        end: [Function],
        res: [Object],
        tag_data: undefined,
        group: 'Home',
        controller: 'Index',
        action: 'index' },
     tVar: { http: [Object], config: [Object], title: '便利导航' },
     __initReturn: undefined },
  set: [Function],
  ok: [Function],
  __initReturn: undefined }
TypeError: Cannot call method 'then' of undefined
    at Object.App.execAction (/home/liuguanyu/node_modules/thinkjs/lib/Lib/Core/App.js:83:21)
    at /home/liuguanyu/node_modules/thinkjs/lib/Lib/Core/App.js:148:17
    at invokeCallback (/home/liuguanyu/node_modules/thinkjs/node_modules/es6-promise/dist/commonjs/promise/promise.js:54:15)
    at publish (/home/liuguanyu/node_modules/thinkjs/node_modules/es6-promise/dist/commonjs/promise/promise.js:99:5)
    at publishFulfillment (/home/liuguanyu/node_modules/thinkjs/node_modules/es6-promise/dist/commonjs/promise/promise.js:206:3)
    at flush (/home/liuguanyu/node_modules/thinkjs/node_modules/es6-promise/dist/commonjs/promise/asap.js:35:5)
    at process._tickDomainCallback (node.js:459:13)
{ http: 
   { domain: null,
     _events: {},
     _maxListeners: 10,
     startTime: 1405054900150,
     version: '1.1',
     method: 'GET',
     headers: 
      { host: '10.16.15.155:8360',
        connection: 'keep-alive',
        'cache-control': 'max-age=0',
        accept: 'text/html,application/xhtml+xml,application/xml;q=0.9,image/webp,*/*;q=0.8',
        'user-agent': 'Mozilla/5.0 (Windows NT 6.1; WOW64) AppleWebKit/537.36 (KHTML, like Gecko) Chrome/30.0.1599.101 Safari/537.36',
        'accept-encoding': 'gzip,deflate,sdch',
        'accept-language': 'zh-CN,zh;q=0.8',
        cookie: '__utma=158509626.616121403.1404701738.1404982126.1405054894.12; __utmb=158509626.1.10.1405054894; __utmc=158509626; __utmz=158509626.1404701738.1.1.utmcsr=(direct)|utmccn=(direct)|utmcmd=(none); Hm_lvt_3d143f0a07b6487f65609d8411e5464f=1404724680,1404817021,1404873608,1404982126; Hm_lpvt_3d143f0a07b6487f65609d8411e5464f=1405054895' },
     getHeader: [Function],
     contentType: '',
     post: {},
     file: {},
     ip: [Function],
     cookie: 
      { __utma: '158509626.616121403.1404701738.1404982126.1405054894.12',
        __utmb: '158509626.1.10.1405054894',
        __utmc: '158509626',
        __utmz: '158509626.1404701738.1.1.utmcsr=(direct)|utmccn=(direct)|utmcmd=(none)',
        Hm_lvt_3d143f0a07b6487f65609d8411e5464f: '1404724680,1404817021,1404873608,1404982126',
        Hm_lpvt_3d143f0a07b6487f65609d8411e5464f: '1405054895' },
     pathname: '',
     query: {},
     get: {},
     host: '10.16.15.155:8360',
     hostname: '10.16.15.155',
     req: 
      { _readableState: [Object],
        readable: true,
        domain: null,
        _events: {},
        _maxListeners: 10,
        socket: [Object],
        connection: [Object],
        httpVersion: '1.1',
        complete: true,
        headers: [Object],
        trailers: {},
        _pendings: [],
        _pendingIndex: 0,
        url: '/',
        method: 'GET',
        statusCode: null,
        client: [Object],
        _consuming: false,
        _dumped: false,
        httpVersionMajor: 1,
        httpVersionMinor: 1,
        upgrade: false },
     _cookie: {},
     setHeader: [Function],
     setCookie: [Function],
     sendCookie: [Function],
     redirect: [Function],
     sendTime: [Function],
     echo: [Function],
     end: [Function],
     res: 
      { domain: null,
        _events: [Object],
        _maxListeners: 10,
        output: [],
        outputEncodings: [],
        writable: true,
        _last: false,
        chunkedEncoding: false,
        shouldKeepAlive: true,
        useChunkedEncodingByDefault: true,
        sendDate: true,
        _headerSent: false,
        _header: '',
        _hasBody: true,
        _trailer: '',
        finished: false,
        _hangupClose: false,
        socket: [Object],
        connection: [Object],
        _headers: [Object],
        _headerNames: [Object] },
     tag_data: undefined,
     group: 'Home',
     controller: 'Index',
     action: 'index' },
  view: 
   { http: 
      { domain: null,
        _events: {},
        _maxListeners: 10,
        startTime: 1405054900150,
        version: '1.1',
        method: 'GET',
        headers: [Object],
        getHeader: [Function],
        contentType: '',
        post: {},
        file: {},
        ip: [Function],
        cookie: [Object],
        pathname: '',
        query: {},
        get: {},
        host: '10.16.15.155:8360',
        hostname: '10.16.15.155',
        req: [Object],
        _cookie: {},
        setHeader: [Function],
        setCookie: [Function],
        sendCookie: [Function],
        redirect: [Function],
        sendTime: [Function],
        echo: [Function],
        end: [Function],
        res: [Object],
        tag_data: undefined,
        group: 'Home',
        controller: 'Index',
        action: 'index' },
     tVar: { http: [Object], config: [Object], title: '便利导航' },
     __initReturn: undefined },
  set: [Function],
  ok: [Function],
  __initReturn: undefined }
TypeError: Cannot call method 'then' of undefined
    at Object.App.execAction (/home/liuguanyu/node_modules/thinkjs/lib/Lib/Core/App.js:83:21)
    at /home/liuguanyu/node_modules/thinkjs/lib/Lib/Core/App.js:148:17
    at invokeCallback (/home/liuguanyu/node_modules/thinkjs/node_modules/es6-promise/dist/commonjs/promise/promise.js:54:15)
    at publish (/home/liuguanyu/node_modules/thinkjs/node_modules/es6-promise/dist/commonjs/promise/promise.js:99:5)
    at publishFulfillment (/home/liuguanyu/node_modules/thinkjs/node_modules/es6-promise/dist/commonjs/promise/promise.js:206:3)
    at flush (/home/liuguanyu/node_modules/thinkjs/node_modules/es6-promise/dist/commonjs/promise/asap.js:35:5)
    at process._tickDomainCallback (node.js:459:13)
{ http: 
   { domain: null,
     _events: {},
     _maxListeners: 10,
     startTime: 1405055081053,
     version: '1.1',
     method: 'GET',
     headers: 
      { host: '10.16.15.155:8360',
        connection: 'keep-alive',
        'cache-control': 'no-cache',
        pragma: 'no-cache',
        accept: 'text/html,application/xhtml+xml,application/xml;q=0.9,image/webp,*/*;q=0.8',
        'user-agent': 'Mozilla/5.0 (Windows NT 6.1; WOW64) AppleWebKit/537.36 (KHTML, like Gecko) Chrome/35.0.1916.153 Safari/537.36',
        'accept-encoding': 'gzip,deflate,sdch',
        'accept-language': 'zh-CN,zh;q=0.8,en;q=0.6' },
     getHeader: [Function],
     contentType: '',
     post: {},
     file: {},
     ip: [Function],
     cookie: {},
     pathname: '',
     query: {},
     get: {},
     host: '10.16.15.155:8360',
     hostname: '10.16.15.155',
     req: 
      { _readableState: [Object],
        readable: true,
        domain: null,
        _events: {},
        _maxListeners: 10,
        socket: [Object],
        connection: [Object],
        httpVersion: '1.1',
        complete: true,
        headers: [Object],
        trailers: {},
        _pendings: [],
        _pendingIndex: 0,
        url: '/',
        method: 'GET',
        statusCode: null,
        client: [Object],
        _consuming: false,
        _dumped: false,
        httpVersionMajor: 1,
        httpVersionMinor: 1,
        upgrade: false },
     _cookie: {},
     setHeader: [Function],
     setCookie: [Function],
     sendCookie: [Function],
     redirect: [Function],
     sendTime: [Function],
     echo: [Function],
     end: [Function],
     res: 
      { domain: null,
        _events: [Object],
        _maxListeners: 10,
        output: [],
        outputEncodings: [],
        writable: true,
        _last: false,
        chunkedEncoding: false,
        shouldKeepAlive: true,
        useChunkedEncodingByDefault: true,
        sendDate: true,
        _headerSent: false,
        _header: '',
        _hasBody: true,
        _trailer: '',
        finished: false,
        _hangupClose: false,
        socket: [Object],
        connection: [Object],
        _headers: [Object],
        _headerNames: [Object] },
     tag_data: undefined,
     group: 'Home',
     controller: 'Index',
     action: 'index' },
  view: 
   { http: 
      { domain: null,
        _events: {},
        _maxListeners: 10,
        startTime: 1405055081053,
        version: '1.1',
        method: 'GET',
        headers: [Object],
        getHeader: [Function],
        contentType: '',
        post: {},
        file: {},
        ip: [Function],
        cookie: {},
        pathname: '',
        query: {},
        get: {},
        host: '10.16.15.155:8360',
        hostname: '10.16.15.155',
        req: [Object],
        _cookie: {},
        setHeader: [Function],
        setCookie: [Function],
        sendCookie: [Function],
        redirect: [Function],
        sendTime: [Function],
        echo: [Function],
        end: [Function],
        res: [Object],
        tag_data: undefined,
        group: 'Home',
        controller: 'Index',
        action: 'index' },
     tVar: { http: [Object], config: [Object], title: '便利导航' },
     __initReturn: undefined },
  set: [Function],
  ok: [Function],
  __initReturn: undefined }
TypeError: Cannot call method 'then' of undefined
    at Object.App.execAction (/home/liuguanyu/node_modules/thinkjs/lib/Lib/Core/App.js:83:21)
    at /home/liuguanyu/node_modules/thinkjs/lib/Lib/Core/App.js:148:17
    at invokeCallback (/home/liuguanyu/node_modules/thinkjs/node_modules/es6-promise/dist/commonjs/promise/promise.js:54:15)
    at publish (/home/liuguanyu/node_modules/thinkjs/node_modules/es6-promise/dist/commonjs/promise/promise.js:99:5)
    at publishFulfillment (/home/liuguanyu/node_modules/thinkjs/node_modules/es6-promise/dist/commonjs/promise/promise.js:206:3)
    at flush (/home/liuguanyu/node_modules/thinkjs/node_modules/es6-promise/dist/commonjs/promise/asap.js:35:5)
    at process._tickDomainCallback (node.js:459:13)
{ http: 
   { domain: null,
     _events: {},
     _maxListeners: 10,
     startTime: 1405055084538,
     version: '1.1',
     method: 'GET',
     headers: 
      { host: '10.16.15.155:8360',
        connection: 'keep-alive',
        'cache-control': 'max-age=0',
        accept: 'text/html,application/xhtml+xml,application/xml;q=0.9,image/webp,*/*;q=0.8',
        'user-agent': 'Mozilla/5.0 (Windows NT 6.1; WOW64) AppleWebKit/537.36 (KHTML, like Gecko) Chrome/30.0.1599.101 Safari/537.36',
        'accept-encoding': 'gzip,deflate,sdch',
        'accept-language': 'zh-CN,zh;q=0.8',
        cookie: '__utma=158509626.616121403.1404701738.1404982126.1405054894.12; __utmb=158509626.2.10.1405054894; __utmc=158509626; __utmz=158509626.1404701738.1.1.utmcsr=(direct)|utmccn=(direct)|utmcmd=(none); Hm_lvt_3d143f0a07b6487f65609d8411e5464f=1404724680,1404817021,1404873608,1404982126; Hm_lpvt_3d143f0a07b6487f65609d8411e5464f=1405054901' },
     getHeader: [Function],
     contentType: '',
     post: {},
     file: {},
     ip: [Function],
     cookie: 
      { __utma: '158509626.616121403.1404701738.1404982126.1405054894.12',
        __utmb: '158509626.2.10.1405054894',
        __utmc: '158509626',
        __utmz: '158509626.1404701738.1.1.utmcsr=(direct)|utmccn=(direct)|utmcmd=(none)',
        Hm_lvt_3d143f0a07b6487f65609d8411e5464f: '1404724680,1404817021,1404873608,1404982126',
        Hm_lpvt_3d143f0a07b6487f65609d8411e5464f: '1405054901' },
     pathname: '',
     query: {},
     get: {},
     host: '10.16.15.155:8360',
     hostname: '10.16.15.155',
     req: 
      { _readableState: [Object],
        readable: true,
        domain: null,
        _events: {},
        _maxListeners: 10,
        socket: [Object],
        connection: [Object],
        httpVersion: '1.1',
        complete: true,
        headers: [Object],
        trailers: {},
        _pendings: [],
        _pendingIndex: 0,
        url: '/',
        method: 'GET',
        statusCode: null,
        client: [Object],
        _consuming: false,
        _dumped: false,
        httpVersionMajor: 1,
        httpVersionMinor: 1,
        upgrade: false },
     _cookie: {},
     setHeader: [Function],
     setCookie: [Function],
     sendCookie: [Function],
     redirect: [Function],
     sendTime: [Function],
     echo: [Function],
     end: [Function],
     res: 
      { domain: null,
        _events: [Object],
        _maxListeners: 10,
        output: [],
        outputEncodings: [],
        writable: true,
        _last: false,
        chunkedEncoding: false,
        shouldKeepAlive: true,
        useChunkedEncodingByDefault: true,
        sendDate: true,
        _headerSent: false,
        _header: '',
        _hasBody: true,
        _trailer: '',
        finished: false,
        _hangupClose: false,
        socket: [Object],
        connection: [Object],
        _headers: [Object],
        _headerNames: [Object] },
     tag_data: undefined,
     group: 'Home',
     controller: 'Index',
     action: 'index' },
  view: 
   { http: 
      { domain: null,
        _events: {},
        _maxListeners: 10,
        startTime: 1405055084538,
        version: '1.1',
        method: 'GET',
        headers: [Object],
        getHeader: [Function],
        contentType: '',
        post: {},
        file: {},
        ip: [Function],
        cookie: [Object],
        pathname: '',
        query: {},
        get: {},
        host: '10.16.15.155:8360',
        hostname: '10.16.15.155',
        req: [Object],
        _cookie: {},
        setHeader: [Function],
        setCookie: [Function],
        sendCookie: [Function],
        redirect: [Function],
        sendTime: [Function],
        echo: [Function],
        end: [Function],
        res: [Object],
        tag_data: undefined,
        group: 'Home',
        controller: 'Index',
        action: 'index' },
     tVar: { http: [Object], config: [Object], title: '便利导航' },
     __initReturn: undefined },
  set: [Function],
  ok: [Function],
  __initReturn: undefined }
TypeError: Cannot call method 'then' of undefined
    at Object.App.execAction (/home/liuguanyu/node_modules/thinkjs/lib/Lib/Core/App.js:83:21)
    at /home/liuguanyu/node_modules/thinkjs/lib/Lib/Core/App.js:148:17
    at invokeCallback (/home/liuguanyu/node_modules/thinkjs/node_modules/es6-promise/dist/commonjs/promise/promise.js:54:15)
    at publish (/home/liuguanyu/node_modules/thinkjs/node_modules/es6-promise/dist/commonjs/promise/promise.js:99:5)
    at publishFulfillment (/home/liuguanyu/node_modules/thinkjs/node_modules/es6-promise/dist/commonjs/promise/promise.js:206:3)
    at flush (/home/liuguanyu/node_modules/thinkjs/node_modules/es6-promise/dist/commonjs/promise/asap.js:35:5)
    at process._tickDomainCallback (node.js:459:13)
{ http: 
   { domain: null,
     _events: {},
     _maxListeners: 10,
     startTime: 1405055089872,
     version: '1.1',
     method: 'GET',
     headers: 
      { host: '10.16.15.155:8360',
        connection: 'keep-alive',
        'cache-control': 'no-cache',
        accept: 'text/html,application/xhtml+xml,application/xml;q=0.9,image/webp,*/*;q=0.8',
        pragma: 'no-cache',
        'user-agent': 'Mozilla/5.0 (Windows NT 6.1; WOW64) AppleWebKit/537.36 (KHTML, like Gecko) Chrome/30.0.1599.101 Safari/537.36',
        'accept-encoding': 'gzip,deflate,sdch',
        'accept-language': 'zh-CN,zh;q=0.8',
        cookie: '__utma=158509626.616121403.1404701738.1404982126.1405054894.12; __utmb=158509626.3.10.1405054894; __utmc=158509626; __utmz=158509626.1404701738.1.1.utmcsr=(direct)|utmccn=(direct)|utmcmd=(none); Hm_lvt_3d143f0a07b6487f65609d8411e5464f=1404724680,1404817021,1404873608,1404982126; Hm_lpvt_3d143f0a07b6487f65609d8411e5464f=1405055086' },
     getHeader: [Function],
     contentType: '',
     post: {},
     file: {},
     ip: [Function],
     cookie: 
      { __utma: '158509626.616121403.1404701738.1404982126.1405054894.12',
        __utmb: '158509626.3.10.1405054894',
        __utmc: '158509626',
        __utmz: '158509626.1404701738.1.1.utmcsr=(direct)|utmccn=(direct)|utmcmd=(none)',
        Hm_lvt_3d143f0a07b6487f65609d8411e5464f: '1404724680,1404817021,1404873608,1404982126',
        Hm_lpvt_3d143f0a07b6487f65609d8411e5464f: '1405055086' },
     pathname: '',
     query: {},
     get: {},
     host: '10.16.15.155:8360',
     hostname: '10.16.15.155',
     req: 
      { _readableState: [Object],
        readable: true,
        domain: null,
        _events: {},
        _maxListeners: 10,
        socket: [Object],
        connection: [Object],
        httpVersion: '1.1',
        complete: true,
        headers: [Object],
        trailers: {},
        _pendings: [],
        _pendingIndex: 0,
        url: '/',
        method: 'GET',
        statusCode: null,
        client: [Object],
        _consuming: false,
        _dumped: false,
        httpVersionMajor: 1,
        httpVersionMinor: 1,
        upgrade: false },
     _cookie: {},
     setHeader: [Function],
     setCookie: [Function],
     sendCookie: [Function],
     redirect: [Function],
     sendTime: [Function],
     echo: [Function],
     end: [Function],
     res: 
      { domain: null,
        _events: [Object],
        _maxListeners: 10,
        output: [],
        outputEncodings: [],
        writable: true,
        _last: false,
        chunkedEncoding: false,
        shouldKeepAlive: true,
        useChunkedEncodingByDefault: true,
        sendDate: true,
        _headerSent: false,
        _header: '',
        _hasBody: true,
        _trailer: '',
        finished: false,
        _hangupClose: false,
        socket: [Object],
        connection: [Object],
        _headers: [Object],
        _headerNames: [Object] },
     tag_data: undefined,
     group: 'Home',
     controller: 'Index',
     action: 'index' },
  view: 
   { http: 
      { domain: null,
        _events: {},
        _maxListeners: 10,
        startTime: 1405055089872,
        version: '1.1',
        method: 'GET',
        headers: [Object],
        getHeader: [Function],
        contentType: '',
        post: {},
        file: {},
        ip: [Function],
        cookie: [Object],
        pathname: '',
        query: {},
        get: {},
        host: '10.16.15.155:8360',
        hostname: '10.16.15.155',
        req: [Object],
        _cookie: {},
        setHeader: [Function],
        setCookie: [Function],
        sendCookie: [Function],
        redirect: [Function],
        sendTime: [Function],
        echo: [Function],
        end: [Function],
        res: [Object],
        tag_data: undefined,
        group: 'Home',
        controller: 'Index',
        action: 'index' },
     tVar: { http: [Object], config: [Object], title: '便利导航' },
     __initReturn: undefined },
  set: [Function],
  ok: [Function],
  __initReturn: undefined }
TypeError: Cannot call method 'then' of undefined
    at Object.App.execAction (/home/liuguanyu/node_modules/thinkjs/lib/Lib/Core/App.js:83:21)
    at /home/liuguanyu/node_modules/thinkjs/lib/Lib/Core/App.js:148:17
    at invokeCallback (/home/liuguanyu/node_modules/thinkjs/node_modules/es6-promise/dist/commonjs/promise/promise.js:54:15)
    at publish (/home/liuguanyu/node_modules/thinkjs/node_modules/es6-promise/dist/commonjs/promise/promise.js:99:5)
    at publishFulfillment (/home/liuguanyu/node_modules/thinkjs/node_modules/es6-promise/dist/commonjs/promise/promise.js:206:3)
    at flush (/home/liuguanyu/node_modules/thinkjs/node_modules/es6-promise/dist/commonjs/promise/asap.js:35:5)
    at process._tickDomainCallback (node.js:459:13)
